\BOOKMARK [1][-]{section.1}{\376\377\0001\000\040\137\025\212\000}{}% 1
\BOOKMARK [2][-]{subsection.1.1}{\376\377\0001\000.\0001\000\040\170\024\172\166\200\314\146\157}{section.1}% 2
\BOOKMARK [2][-]{subsection.1.2}{\376\377\0001\000.\0002\000\040\170\024\172\166\141\017\116\111}{section.1}% 3
\BOOKMARK [2][-]{subsection.1.3}{\376\377\0001\000.\0003\000\040\170\024\172\166\163\260\162\266}{section.1}% 4
\BOOKMARK [2][-]{subsection.1.4}{\376\377\0001\000.\0004\000\040\142\245\124\112\176\323\147\204}{section.1}% 5
\BOOKMARK [1][-]{section.2}{\376\377\0002\000\040\123\077\124\015\177\121\176\334\142\200\147\057\127\372\170\100}{}% 6
\BOOKMARK [2][-]{subsection.2.1}{\376\377\0002\000.\0001\000\040\176\317\121\170\123\077\124\015\142\200\147\057}{section.2}% 7
\BOOKMARK [3][-]{subsubsection.2.1.1}{\376\377\0002\000.\0001\000.\0001\000\040\000M\000i\000x\177\121\176\334}{subsection.2.1}% 8
\BOOKMARK [3][-]{subsubsection.2.1.2}{\376\377\0002\000.\0001\000.\0002\000\040\155\013\204\161\215\357\165\061}{subsection.2.1}% 9
\BOOKMARK [3][-]{subsubsection.2.1.3}{\376\377\0002\000.\0001\000.\0003\000\040\000D\000i\000n\000i\000n\000g\000\040\000C\000r\000y\000p\000t\000o\000g\000r\000a\000p\000h\000e\000r\000s\177\121\176\334}{subsection.2.1}% 10
\BOOKMARK [2][-]{subsection.2.2}{\376\377\0002\000.\0002\000\040\123\077\124\015\140\047\136\246\221\317\116\016\122\006\147\220}{section.2}% 11
\BOOKMARK [2][-]{subsection.2.3}{\376\377\0002\000.\0003\000\040\123\072\127\127\224\376\116\016\123\077\124\015\177\121\176\334\166\204\176\323\124\010}{section.2}% 12
\BOOKMARK [2][-]{subsection.2.4}{\376\377\0002\000.\0004\000\040\171\373\122\250\172\357\123\077\124\015\220\032\117\341}{section.2}% 13
\BOOKMARK [2][-]{subsection.2.5}{\376\377\0002\000.\0005\000\040\147\054\172\340\134\017\176\323}{section.2}% 14
\BOOKMARK [1][-]{section.3}{\376\377\0003\000\040\000T\000o\000r\177\121\176\334\145\073\226\062\142\200\147\057}{}% 15
\BOOKMARK [2][-]{subsection.3.1}{\376\377\0003\000.\0001\000\040\000T\000o\000r\177\121\176\334\147\266\147\204}{section.3}% 16
\BOOKMARK [3][-]{subsubsection.3.1.1}{\376\377\0003\000.\0001\000.\0001\000\040\174\373\176\337\176\304\142\020\116\016\150\070\137\303\123\117\213\256}{subsection.3.1}% 17
\BOOKMARK [3][-]{subsubsection.3.1.2}{\376\377\0003\000.\0001\000.\0002\000\040\177\121\176\334\211\304\152\041\116\016\165\050\142\067\210\114\116\072}{subsection.3.1}% 18
\BOOKMARK [2][-]{subsection.3.2}{\376\377\0003\000.\0002\000\040\145\073\121\373\142\200\147\057\122\006\174\173\116\016\157\024\217\333}{section.3}% 19
\BOOKMARK [3][-]{subsubsection.3.2.1}{\376\377\0003\000.\0002\000.\0001\000\040\155\101\221\317\122\006\147\220\145\073\121\373\377\032\177\121\172\331\143\007\176\271\166\204\155\361\136\246\133\146\116\140\227\151\124\175}{subsection.3.2}% 20
\BOOKMARK [3][-]{subsubsection.3.2.2}{\376\377\0003\000.\0002\000.\0002\000\040\123\273\123\077\124\015\123\026\145\073\121\373\377\032\155\101\121\163\200\124\116\016\215\357\165\061\134\102\144\315\143\247}{subsection.3.2}% 21
\BOOKMARK [3][-]{subsubsection.3.2.3}{\376\377\0003\000.\0002\000.\0003\000\040\224\210\133\371\127\372\170\100\213\276\145\275\166\204\145\073\121\373}{subsection.3.2}% 22
\BOOKMARK [2][-]{subsection.3.3}{\376\377\0003\000.\0003\000\040\226\062\137\241\142\200\147\057\116\016\133\371\142\227}{section.3}% 23
\BOOKMARK [3][-]{subsubsection.3.3.1}{\376\377\0003\000.\0003\000.\0001\000\040\155\101\221\317\155\367\155\306\116\016\142\227\143\007\176\271\226\062\137\241}{subsection.3.3}% 24
\BOOKMARK [3][-]{subsubsection.3.3.2}{\376\377\0003\000.\0003\000.\0002\000\040\123\117\213\256\134\102\116\016\215\357\165\061\226\062\137\241}{subsection.3.3}% 25
\BOOKMARK [3][-]{subsubsection.3.3.3}{\376\377\0003\000.\0003\000.\0003\000\040\145\260\121\164\117\040\217\223\116\016\142\227\133\241\147\345\226\062\137\241}{subsection.3.3}% 26
\BOOKMARK [2][-]{subsection.3.4}{\376\377\0003\000.\0004\000\040\145\073\226\062\140\001\122\277\122\006\147\220}{section.3}% 27
\BOOKMARK [1][-]{section.4}{\376\377\0004\000\040\120\365\134\070\177\121\176\334\123\077\124\015\123\026\116\016\150\300\155\113}{}% 28
\BOOKMARK [1][-]{section.5}{\376\377\0005\000\040\213\250\213\272}{}% 29
\BOOKMARK [1][-]{section.6}{\376\377\0006\000\040\176\323\213\272}{}% 30
